2021-10-14 09:45:02.206  INFO 9784 --- [main] tn.esprit.timesheet.EmployeServiceTest   : Starting EmployeServiceTest using Java 1.8.0_221 on DESKTOP-2GK2TEI with PID 9784 (started by ASUS in C:\Work\workspace-sts\timesheet)
2021-10-14 09:45:02.214  INFO 9784 --- [main] tn.esprit.timesheet.EmployeServiceTest   : No active profile set, falling back to default profiles: default
2021-10-14 09:45:02.966  INFO 9784 --- [main] .s.d.r.c.RepositoryConfigurationDelegate : Bootstrapping Spring Data JPA repositories in DEFAULT mode.
2021-10-14 09:45:03.047  INFO 9784 --- [main] .s.d.r.c.RepositoryConfigurationDelegate : Finished Spring Data repository scanning in 70 ms. Found 6 JPA repository interfaces.
2021-10-14 09:45:03.727  INFO 9784 --- [main] o.hibernate.jpa.internal.util.LogHelper  : HHH000204: Processing PersistenceUnitInfo [name: default]
2021-10-14 09:45:03.785  INFO 9784 --- [main] org.hibernate.Version                    : HHH000412: Hibernate ORM core version 5.4.32.Final
2021-10-14 09:45:03.973  INFO 9784 --- [main] o.hibernate.annotations.common.Version   : HCANN000001: Hibernate Commons Annotations {5.1.2.Final}
2021-10-14 09:45:04.419  INFO 9784 --- [main] com.zaxxer.hikari.HikariDataSource       : HikariPool-1 - Starting...
2021-10-14 09:45:04.606  INFO 9784 --- [main] com.zaxxer.hikari.HikariDataSource       : HikariPool-1 - Start completed.
2021-10-14 09:45:04.622  INFO 9784 --- [main] org.hibernate.dialect.Dialect            : HHH000400: Using dialect: org.hibernate.dialect.MySQL5InnoDBDialect
2021-10-14 09:45:05.633  INFO 9784 --- [main] o.h.e.t.j.p.i.JtaPlatformInitiator       : HHH000490: Using JtaPlatform implementation: [org.hibernate.engine.transaction.jta.platform.internal.NoJtaPlatform]
2021-10-14 09:45:05.642  INFO 9784 --- [main] j.LocalContainerEntityManagerFactoryBean : Initialized JPA EntityManagerFactory for persistence unit 'default'
2021-10-14 09:45:07.003  WARN 9784 --- [main] JpaBaseConfiguration$JpaWebConfiguration : spring.jpa.open-in-view is enabled by default. Therefore, database queries may be performed during view rendering. Explicitly configure spring.jpa.open-in-view to disable this warning
2021-10-14 09:45:08.134  INFO 9784 --- [main] tn.esprit.timesheet.EmployeServiceTest   : Started EmployeServiceTest in 6.249 seconds (JVM running for 7.327)
2021-10-14 09:45:09.176  INFO 9784 --- [main] .b.t.c.SpringBootTestContextBootstrapper : Neither @ContextConfiguration nor @ContextHierarchy found for test class [tn.esprit.timesheet.TimesheetApplicationTests], using SpringBootContextLoader
2021-10-14 09:45:09.177  INFO 9784 --- [main] o.s.t.c.support.AbstractContextLoader    : Could not detect default resource locations for test class [tn.esprit.timesheet.TimesheetApplicationTests]: no resource found for suffixes {-context.xml, Context.groovy}.
2021-10-14 09:45:09.178  INFO 9784 --- [main] t.c.s.AnnotationConfigContextLoaderUtils : Could not detect default configuration classes for test class [tn.esprit.timesheet.TimesheetApplicationTests]: TimesheetApplicationTests does not declare any static, non-private, non-final, nested classes annotated with @Configuration.
2021-10-14 09:45:09.179  INFO 9784 --- [main] .b.t.c.SpringBootTestContextBootstrapper : Found @SpringBootConfiguration tn.esprit.timesheet.TimesheetApplication for test class tn.esprit.timesheet.TimesheetApplicationTests
2021-10-14 09:45:09.181  INFO 9784 --- [main] .b.t.c.SpringBootTestContextBootstrapper : Loaded default TestExecutionListener class names from location [META-INF/spring.factories]: [org.springframework.boot.test.mock.mockito.MockitoTestExecutionListener, org.springframework.boot.test.mock.mockito.ResetMocksTestExecutionListener, org.springframework.boot.test.autoconfigure.restdocs.RestDocsTestExecutionListener, org.springframework.boot.test.autoconfigure.web.client.MockRestServiceServerResetTestExecutionListener, org.springframework.boot.test.autoconfigure.web.servlet.MockMvcPrintOnlyOnFailureTestExecutionListener, org.springframework.boot.test.autoconfigure.web.servlet.WebDriverTestExecutionListener, org.springframework.boot.test.autoconfigure.webservices.client.MockWebServiceServerTestExecutionListener, org.springframework.test.context.web.ServletTestExecutionListener, org.springframework.test.context.support.DirtiesContextBeforeModesTestExecutionListener, org.springframework.test.context.event.ApplicationEventsTestExecutionListener, org.springframework.test.context.support.DependencyInjectionTestExecutionListener, org.springframework.test.context.support.DirtiesContextTestExecutionListener, org.springframework.test.context.transaction.TransactionalTestExecutionListener, org.springframework.test.context.jdbc.SqlScriptsTestExecutionListener, org.springframework.test.context.event.EventPublishingTestExecutionListener]
2021-10-14 09:45:09.182  INFO 9784 --- [main] .b.t.c.SpringBootTestContextBootstrapper : Using TestExecutionListeners: [org.springframework.test.context.web.ServletTestExecutionListener@1124dd79, org.springframework.test.context.support.DirtiesContextBeforeModesTestExecutionListener@335cdd2, org.springframework.test.context.event.ApplicationEventsTestExecutionListener@1ea96ff2, org.springframework.boot.test.mock.mockito.MockitoTestExecutionListener@60a99f3d, org.springframework.boot.test.autoconfigure.SpringBootDependencyInjectionTestExecutionListener@57515944, org.springframework.test.context.support.DirtiesContextTestExecutionListener@7a274521, org.springframework.test.context.transaction.TransactionalTestExecutionListener@2fa47368, org.springframework.test.context.jdbc.SqlScriptsTestExecutionListener@35841d6, org.springframework.test.context.event.EventPublishingTestExecutionListener@5e9ea380, org.springframework.boot.test.mock.mockito.ResetMocksTestExecutionListener@1e50eb3f, org.springframework.boot.test.autoconfigure.restdocs.RestDocsTestExecutionListener@12e3f4ae, org.springframework.boot.test.autoconfigure.web.client.MockRestServiceServerResetTestExecutionListener@537451d5, org.springframework.boot.test.autoconfigure.web.servlet.MockMvcPrintOnlyOnFailureTestExecutionListener@785d6a98, org.springframework.boot.test.autoconfigure.web.servlet.WebDriverTestExecutionListener@614d7fbf, org.springframework.boot.test.autoconfigure.webservices.client.MockWebServiceServerTestExecutionListener@6c06b1bc]
2021-10-14 09:45:09.255  INFO 9784 --- [SpringApplicationShutdownHook] j.LocalContainerEntityManagerFactoryBean : Closing JPA EntityManagerFactory for persistence unit 'default'
2021-10-14 09:45:09.258  INFO 9784 --- [SpringApplicationShutdownHook] com.zaxxer.hikari.HikariDataSource       : HikariPool-1 - Shutdown initiated...
2021-10-14 09:45:09.297  INFO 9784 --- [SpringApplicationShutdownHook] com.zaxxer.hikari.HikariDataSource       : HikariPool-1 - Shutdown completed.
2021-10-14 09:48:16.655  INFO 11328 --- [main] tn.esprit.timesheet.EmployeServiceTest   : Starting EmployeServiceTest using Java 1.8.0_221 on DESKTOP-2GK2TEI with PID 11328 (started by ASUS in C:\Work\workspace-sts\timesheet)
2021-10-14 09:48:16.659  INFO 11328 --- [main] tn.esprit.timesheet.EmployeServiceTest   : No active profile set, falling back to default profiles: default
2021-10-14 09:48:17.455  INFO 11328 --- [main] .s.d.r.c.RepositoryConfigurationDelegate : Bootstrapping Spring Data JPA repositories in DEFAULT mode.
2021-10-14 09:48:17.564  INFO 11328 --- [main] .s.d.r.c.RepositoryConfigurationDelegate : Finished Spring Data repository scanning in 98 ms. Found 6 JPA repository interfaces.
2021-10-14 09:48:18.456  INFO 11328 --- [main] o.hibernate.jpa.internal.util.LogHelper  : HHH000204: Processing PersistenceUnitInfo [name: default]
2021-10-14 09:48:18.508  INFO 11328 --- [main] org.hibernate.Version                    : HHH000412: Hibernate ORM core version 5.4.32.Final
2021-10-14 09:48:18.760  INFO 11328 --- [main] o.hibernate.annotations.common.Version   : HCANN000001: Hibernate Commons Annotations {5.1.2.Final}
2021-10-14 09:48:19.319  INFO 11328 --- [main] com.zaxxer.hikari.HikariDataSource       : HikariPool-1 - Starting...
2021-10-14 09:48:19.602  INFO 11328 --- [main] com.zaxxer.hikari.HikariDataSource       : HikariPool-1 - Start completed.
2021-10-14 09:48:19.618  INFO 11328 --- [main] org.hibernate.dialect.Dialect            : HHH000400: Using dialect: org.hibernate.dialect.MySQL5InnoDBDialect
2021-10-14 09:48:22.590  INFO 11328 --- [main] o.h.e.t.j.p.i.JtaPlatformInitiator       : HHH000490: Using JtaPlatform implementation: [org.hibernate.engine.transaction.jta.platform.internal.NoJtaPlatform]
2021-10-14 09:48:22.601  INFO 11328 --- [main] j.LocalContainerEntityManagerFactoryBean : Initialized JPA EntityManagerFactory for persistence unit 'default'
2021-10-14 09:48:23.759  WARN 11328 --- [main] JpaBaseConfiguration$JpaWebConfiguration : spring.jpa.open-in-view is enabled by default. Therefore, database queries may be performed during view rendering. Explicitly configure spring.jpa.open-in-view to disable this warning
2021-10-14 09:48:24.734  INFO 11328 --- [main] tn.esprit.timesheet.EmployeServiceTest   : Started EmployeServiceTest in 8.47 seconds (JVM running for 9.669)
2021-10-14 09:48:25.339  INFO 11328 --- [main] .b.t.c.SpringBootTestContextBootstrapper : Neither @ContextConfiguration nor @ContextHierarchy found for test class [tn.esprit.timesheet.TimesheetApplicationTests], using SpringBootContextLoader
2021-10-14 09:48:25.340  INFO 11328 --- [main] o.s.t.c.support.AbstractContextLoader    : Could not detect default resource locations for test class [tn.esprit.timesheet.TimesheetApplicationTests]: no resource found for suffixes {-context.xml, Context.groovy}.
2021-10-14 09:48:25.341  INFO 11328 --- [main] t.c.s.AnnotationConfigContextLoaderUtils : Could not detect default configuration classes for test class [tn.esprit.timesheet.TimesheetApplicationTests]: TimesheetApplicationTests does not declare any static, non-private, non-final, nested classes annotated with @Configuration.
2021-10-14 09:48:25.342  INFO 11328 --- [main] .b.t.c.SpringBootTestContextBootstrapper : Found @SpringBootConfiguration tn.esprit.timesheet.TimesheetApplication for test class tn.esprit.timesheet.TimesheetApplicationTests
2021-10-14 09:48:25.345  INFO 11328 --- [main] .b.t.c.SpringBootTestContextBootstrapper : Loaded default TestExecutionListener class names from location [META-INF/spring.factories]: [org.springframework.boot.test.mock.mockito.MockitoTestExecutionListener, org.springframework.boot.test.mock.mockito.ResetMocksTestExecutionListener, org.springframework.boot.test.autoconfigure.restdocs.RestDocsTestExecutionListener, org.springframework.boot.test.autoconfigure.web.client.MockRestServiceServerResetTestExecutionListener, org.springframework.boot.test.autoconfigure.web.servlet.MockMvcPrintOnlyOnFailureTestExecutionListener, org.springframework.boot.test.autoconfigure.web.servlet.WebDriverTestExecutionListener, org.springframework.boot.test.autoconfigure.webservices.client.MockWebServiceServerTestExecutionListener, org.springframework.test.context.web.ServletTestExecutionListener, org.springframework.test.context.support.DirtiesContextBeforeModesTestExecutionListener, org.springframework.test.context.event.ApplicationEventsTestExecutionListener, org.springframework.test.context.support.DependencyInjectionTestExecutionListener, org.springframework.test.context.support.DirtiesContextTestExecutionListener, org.springframework.test.context.transaction.TransactionalTestExecutionListener, org.springframework.test.context.jdbc.SqlScriptsTestExecutionListener, org.springframework.test.context.event.EventPublishingTestExecutionListener]
2021-10-14 09:48:25.346  INFO 11328 --- [main] .b.t.c.SpringBootTestContextBootstrapper : Using TestExecutionListeners: [org.springframework.test.context.web.ServletTestExecutionListener@4a5066f5, org.springframework.test.context.support.DirtiesContextBeforeModesTestExecutionListener@578d472a, org.springframework.test.context.event.ApplicationEventsTestExecutionListener@1191029d, org.springframework.boot.test.mock.mockito.MockitoTestExecutionListener@54b2d002, org.springframework.boot.test.autoconfigure.SpringBootDependencyInjectionTestExecutionListener@1d1c63af, org.springframework.test.context.support.DirtiesContextTestExecutionListener@2095c331, org.springframework.test.context.transaction.TransactionalTestExecutionListener@3909a854, org.springframework.test.context.jdbc.SqlScriptsTestExecutionListener@7b795db7, org.springframework.test.context.event.EventPublishingTestExecutionListener@586486c, org.springframework.boot.test.mock.mockito.ResetMocksTestExecutionListener@b849fa6, org.springframework.boot.test.autoconfigure.restdocs.RestDocsTestExecutionListener@7fbbdd8a, org.springframework.boot.test.autoconfigure.web.client.MockRestServiceServerResetTestExecutionListener@4e9ea32f, org.springframework.boot.test.autoconfigure.web.servlet.MockMvcPrintOnlyOnFailureTestExecutionListener@79ec57b8, org.springframework.boot.test.autoconfigure.web.servlet.WebDriverTestExecutionListener@56ba8e8c, org.springframework.boot.test.autoconfigure.webservices.client.MockWebServiceServerTestExecutionListener@774c5e5c]
2021-10-14 09:48:25.397  INFO 11328 --- [SpringApplicationShutdownHook] j.LocalContainerEntityManagerFactoryBean : Closing JPA EntityManagerFactory for persistence unit 'default'
2021-10-14 09:48:25.400  INFO 11328 --- [SpringApplicationShutdownHook] com.zaxxer.hikari.HikariDataSource       : HikariPool-1 - Shutdown initiated...
2021-10-14 09:48:25.416  INFO 11328 --- [SpringApplicationShutdownHook] com.zaxxer.hikari.HikariDataSource       : HikariPool-1 - Shutdown completed.
2021-10-14 09:55:34.550  INFO 9656 --- [main] tn.esprit.timesheet.EmployeServiceTest   : Starting EmployeServiceTest using Java 1.8.0_221 on DESKTOP-2GK2TEI with PID 9656 (started by ASUS in C:\Work\workspace-sts\timesheet)
2021-10-14 09:55:34.553  INFO 9656 --- [main] tn.esprit.timesheet.EmployeServiceTest   : No active profile set, falling back to default profiles: default
2021-10-14 09:55:35.241  INFO 9656 --- [main] .s.d.r.c.RepositoryConfigurationDelegate : Bootstrapping Spring Data JPA repositories in DEFAULT mode.
2021-10-14 09:55:35.331  INFO 9656 --- [main] .s.d.r.c.RepositoryConfigurationDelegate : Finished Spring Data repository scanning in 80 ms. Found 6 JPA repository interfaces.
2021-10-14 09:55:35.947  INFO 9656 --- [main] o.hibernate.jpa.internal.util.LogHelper  : HHH000204: Processing PersistenceUnitInfo [name: default]
2021-10-14 09:55:36.000  INFO 9656 --- [main] org.hibernate.Version                    : HHH000412: Hibernate ORM core version 5.4.32.Final
2021-10-14 09:55:36.192  INFO 9656 --- [main] o.hibernate.annotations.common.Version   : HCANN000001: Hibernate Commons Annotations {5.1.2.Final}
2021-10-14 09:55:36.637  INFO 9656 --- [main] com.zaxxer.hikari.HikariDataSource       : HikariPool-1 - Starting...
2021-10-14 09:55:36.805  INFO 9656 --- [main] com.zaxxer.hikari.HikariDataSource       : HikariPool-1 - Start completed.
2021-10-14 09:55:36.821  INFO 9656 --- [main] org.hibernate.dialect.Dialect            : HHH000400: Using dialect: org.hibernate.dialect.MySQL5InnoDBDialect
2021-10-14 09:55:37.749  INFO 9656 --- [main] o.h.e.t.j.p.i.JtaPlatformInitiator       : HHH000490: Using JtaPlatform implementation: [org.hibernate.engine.transaction.jta.platform.internal.NoJtaPlatform]
2021-10-14 09:55:37.758  INFO 9656 --- [main] j.LocalContainerEntityManagerFactoryBean : Initialized JPA EntityManagerFactory for persistence unit 'default'
2021-10-14 09:55:38.765  WARN 9656 --- [main] JpaBaseConfiguration$JpaWebConfiguration : spring.jpa.open-in-view is enabled by default. Therefore, database queries may be performed during view rendering. Explicitly configure spring.jpa.open-in-view to disable this warning
2021-10-14 09:55:39.654  INFO 9656 --- [main] tn.esprit.timesheet.EmployeServiceTest   : Started EmployeServiceTest in 5.413 seconds (JVM running for 6.477)
2021-10-14 09:55:40.328  INFO 9656 --- [main] .b.t.c.SpringBootTestContextBootstrapper : Neither @ContextConfiguration nor @ContextHierarchy found for test class [tn.esprit.timesheet.TimesheetApplicationTests], using SpringBootContextLoader
2021-10-14 09:55:40.330  INFO 9656 --- [main] o.s.t.c.support.AbstractContextLoader    : Could not detect default resource locations for test class [tn.esprit.timesheet.TimesheetApplicationTests]: no resource found for suffixes {-context.xml, Context.groovy}.
2021-10-14 09:55:40.330  INFO 9656 --- [main] t.c.s.AnnotationConfigContextLoaderUtils : Could not detect default configuration classes for test class [tn.esprit.timesheet.TimesheetApplicationTests]: TimesheetApplicationTests does not declare any static, non-private, non-final, nested classes annotated with @Configuration.
2021-10-14 09:55:40.331  INFO 9656 --- [main] .b.t.c.SpringBootTestContextBootstrapper : Found @SpringBootConfiguration tn.esprit.timesheet.TimesheetApplication for test class tn.esprit.timesheet.TimesheetApplicationTests
2021-10-14 09:55:40.335  INFO 9656 --- [main] .b.t.c.SpringBootTestContextBootstrapper : Loaded default TestExecutionListener class names from location [META-INF/spring.factories]: [org.springframework.boot.test.mock.mockito.MockitoTestExecutionListener, org.springframework.boot.test.mock.mockito.ResetMocksTestExecutionListener, org.springframework.boot.test.autoconfigure.restdocs.RestDocsTestExecutionListener, org.springframework.boot.test.autoconfigure.web.client.MockRestServiceServerResetTestExecutionListener, org.springframework.boot.test.autoconfigure.web.servlet.MockMvcPrintOnlyOnFailureTestExecutionListener, org.springframework.boot.test.autoconfigure.web.servlet.WebDriverTestExecutionListener, org.springframework.boot.test.autoconfigure.webservices.client.MockWebServiceServerTestExecutionListener, org.springframework.test.context.web.ServletTestExecutionListener, org.springframework.test.context.support.DirtiesContextBeforeModesTestExecutionListener, org.springframework.test.context.event.ApplicationEventsTestExecutionListener, org.springframework.test.context.support.DependencyInjectionTestExecutionListener, org.springframework.test.context.support.DirtiesContextTestExecutionListener, org.springframework.test.context.transaction.TransactionalTestExecutionListener, org.springframework.test.context.jdbc.SqlScriptsTestExecutionListener, org.springframework.test.context.event.EventPublishingTestExecutionListener]
2021-10-14 09:55:40.335  INFO 9656 --- [main] .b.t.c.SpringBootTestContextBootstrapper : Using TestExecutionListeners: [org.springframework.test.context.web.ServletTestExecutionListener@498b611e, org.springframework.test.context.support.DirtiesContextBeforeModesTestExecutionListener@6dde1bf5, org.springframework.test.context.event.ApplicationEventsTestExecutionListener@4b56b517, org.springframework.boot.test.mock.mockito.MockitoTestExecutionListener@1124dd79, org.springframework.boot.test.autoconfigure.SpringBootDependencyInjectionTestExecutionListener@335cdd2, org.springframework.test.context.support.DirtiesContextTestExecutionListener@1ea96ff2, org.springframework.test.context.transaction.TransactionalTestExecutionListener@60a99f3d, org.springframework.test.context.jdbc.SqlScriptsTestExecutionListener@57515944, org.springframework.test.context.event.EventPublishingTestExecutionListener@7a274521, org.springframework.boot.test.mock.mockito.ResetMocksTestExecutionListener@2fa47368, org.springframework.boot.test.autoconfigure.restdocs.RestDocsTestExecutionListener@35841d6, org.springframework.boot.test.autoconfigure.web.client.MockRestServiceServerResetTestExecutionListener@5e9ea380, org.springframework.boot.test.autoconfigure.web.servlet.MockMvcPrintOnlyOnFailureTestExecutionListener@1e50eb3f, org.springframework.boot.test.autoconfigure.web.servlet.WebDriverTestExecutionListener@12e3f4ae, org.springframework.boot.test.autoconfigure.webservices.client.MockWebServiceServerTestExecutionListener@537451d5]
2021-10-14 09:55:40.393  INFO 9656 --- [SpringApplicationShutdownHook] j.LocalContainerEntityManagerFactoryBean : Closing JPA EntityManagerFactory for persistence unit 'default'
2021-10-14 09:55:40.396  INFO 9656 --- [SpringApplicationShutdownHook] com.zaxxer.hikari.HikariDataSource       : HikariPool-1 - Shutdown initiated...
2021-10-14 09:55:40.408  INFO 9656 --- [SpringApplicationShutdownHook] com.zaxxer.hikari.HikariDataSource       : HikariPool-1 - Shutdown completed.
